2024-08-30 09:53:33,069 - INFO - Starting the repository analysis script.
2024-08-30 09:53:33,069 - INFO - Fetching popular repositories
2024-08-30 09:53:33,069 - INFO - Processing page 1
2024-08-30 10:00:06,932 - INFO - Starting the repository analysis script.
2024-08-30 10:00:06,933 - INFO - Fetching popular repositories
2024-08-30 10:00:06,933 - INFO - Processing page 1
2024-08-30 10:06:50,173 - INFO - Starting the repository analysis script.
2024-08-30 10:06:50,173 - INFO - Fetching popular repositories
2024-08-30 10:06:50,173 - INFO - Processing page 1
2024-08-30 10:09:06,600 - INFO - Running command: git -C ./scrape-python-data add .
2024-08-30 10:09:06,604 - ERROR - Command failed with return code 128
2024-08-30 10:09:06,604 - ERROR - Error output:
fatal: cannot change to './scrape-python-data': No such file or directory

2024-08-30 10:09:44,220 - INFO - Starting the repository analysis script.
2024-08-30 10:09:44,220 - INFO - Fetching popular repositories
2024-08-30 10:09:44,220 - INFO - Processing page 1
2024-08-30 10:12:06,374 - INFO - Running command: git add .
2024-08-30 10:26:05,887 - INFO - Starting the repository analysis script.
2024-08-30 10:26:05,887 - INFO - Fetching popular repositories
2024-08-30 10:26:05,887 - INFO - Processing page 1
2024-08-30 10:28:10,878 - INFO - Connecting to the GitHub repository.
2024-08-30 10:28:12,674 - INFO - popular_python_repos.jsonl exists in the repository, updating the file.
2024-08-30 10:28:14,007 - INFO - popular_python_repos.jsonl UPDATED
2024-08-30 10:36:14,071 - INFO - Starting the repository analysis script.
2024-08-30 10:36:14,071 - INFO - Fetching popular repositories
2024-08-30 10:36:14,072 - INFO - Processing page 1
2024-08-30 10:39:04,723 - INFO - Running command: git add .
2024-08-30 10:46:41,144 - INFO - Starting the repository analysis script.
2024-08-30 10:46:41,145 - INFO - Fetching popular repositories
2024-08-30 10:46:41,145 - INFO - Processing page 1
2024-08-30 10:48:52,696 - INFO - Running command: git pull
2024-08-30 10:48:53,752 - INFO - Command output:
Already up to date.

2024-08-30 10:48:53,752 - INFO - Running command: git add .
